<?xml version="1.0" encoding="UTF-8"?>
<testsuite xmlns:xsi="http://www.w3.org/2001/XMLSchema-instance" xsi:noNamespaceSchemaLocation="https://maven.apache.org/surefire/maven-surefire-plugin/xsd/surefire-test-report-3.0.xsd" version="3.0" name="com.splitwise.integration.ExpenseIntegrationTest" time="3.639" tests="2" errors="0" skipped="0" failures="0">
  <properties>
[...]
</properties>
  <testcase name="testCreateExpensePercentage" classname="com.splitwise.integration.ExpenseIntegrationTest" time="0.683">
    <system-out><![CDATA[11:33:25.681 [main] INFO org.springframework.test.context.support.AnnotationConfigContextLoaderUtils -- Could not detect default configuration classes for test class [com.splitwise.integration.ExpenseIntegrationTest]: ExpenseIntegrationTest does not declare any static, non-private, non-final, nested classes annotated with @Configuration.
11:33:25.740 [main] INFO org.springframework.boot.test.context.SpringBootTestContextBootstrapper -- Found @SpringBootConfiguration com.splitwise.SplitwiseApplication for test class com.splitwise.integration.ExpenseIntegrationTest
11:33:25.832 [main] INFO org.springframework.boot.devtools.restart.RestartApplicationListener -- Restart disabled due to context in which it is running

  .   ____          _            __ _ _
 /\\ / ___'_ __ _ _(_)_ __  __ _ \ \ \ \
( ( )\___ | '_ | '_| | '_ \/ _` | \ \ \ \
 \\/  ___)| |_)| | | | | || (_| |  ) ) ) )
  '  |____| .__|_| |_|_| |_\__, | / / / /
 =========|_|==============|___/=/_/_/_/
 :: Spring Boot ::                (v3.2.5)

2026-01-16T11:33:26.071-03:00  INFO 2966596 --- [splitwise-api] [           main] c.s.integration.ExpenseIntegrationTest   : Starting ExpenseIntegrationTest using Java 21.0.8 with PID 2966596 (started by luiz.rodrigues in /home/luiz.rodrigues/Documents/Dev/Personal/splitwise)
2026-01-16T11:33:26.072-03:00  INFO 2966596 --- [splitwise-api] [           main] c.s.integration.ExpenseIntegrationTest   : The following 1 profile is active: "test"
2026-01-16T11:33:26.494-03:00  INFO 2966596 --- [splitwise-api] [           main] .s.d.r.c.RepositoryConfigurationDelegate : Bootstrapping Spring Data JPA repositories in DEFAULT mode.
2026-01-16T11:33:26.563-03:00  INFO 2966596 --- [splitwise-api] [           main] .s.d.r.c.RepositoryConfigurationDelegate : Finished Spring Data repository scanning in 63 ms. Found 5 JPA repository interfaces.
2026-01-16T11:33:26.862-03:00  INFO 2966596 --- [splitwise-api] [           main] o.hibernate.jpa.internal.util.LogHelper  : HHH000204: Processing PersistenceUnitInfo [name: default]
2026-01-16T11:33:26.898-03:00  INFO 2966596 --- [splitwise-api] [           main] org.hibernate.Version                    : HHH000412: Hibernate ORM core version 6.4.4.Final
2026-01-16T11:33:26.926-03:00  INFO 2966596 --- [splitwise-api] [           main] o.h.c.internal.RegionFactoryInitiator    : HHH000026: Second-level cache disabled
2026-01-16T11:33:27.094-03:00  INFO 2966596 --- [splitwise-api] [           main] o.s.o.j.p.SpringPersistenceUnitInfo      : No LoadTimeWeaver setup: ignoring JPA class transformer
2026-01-16T11:33:27.117-03:00  INFO 2966596 --- [splitwise-api] [           main] com.zaxxer.hikari.HikariDataSource       : HikariPool-1 - Starting...
2026-01-16T11:33:27.253-03:00  INFO 2966596 --- [splitwise-api] [           main] com.zaxxer.hikari.pool.HikariPool        : HikariPool-1 - Added connection conn0: url=jdbc:h2:mem:splitwise_test_db user=SA
2026-01-16T11:33:27.255-03:00  INFO 2966596 --- [splitwise-api] [           main] com.zaxxer.hikari.HikariDataSource       : HikariPool-1 - Start completed.
2026-01-16T11:33:27.279-03:00  WARN 2966596 --- [splitwise-api] [           main] org.hibernate.dialect.Dialect            : HHH000511: The 2.2.0 version for [org.hibernate.dialect.PostgreSQLDialect] is no longer supported, hence certain features may not work properly. The minimum supported version is 12.0.0. Check the community dialects project for available legacy versions.
2026-01-16T11:33:27.284-03:00  WARN 2966596 --- [splitwise-api] [           main] org.hibernate.orm.deprecation            : HHH90000025: PostgreSQLDialect does not need to be specified explicitly using 'hibernate.dialect' (remove the property setting and it will be selected by default)
2026-01-16T11:33:27.809-03:00  INFO 2966596 --- [splitwise-api] [           main] o.h.e.t.j.p.i.JtaPlatformInitiator       : HHH000489: No JTA platform available (set 'hibernate.transaction.jta.platform' to enable JTA platform integration)
2026-01-16T11:33:27.815-03:00 DEBUG 2966596 --- [splitwise-api] [           main] org.hibernate.SQL                        : 
    alter table if exists expense_shares 
       drop constraint if exists FKdn6vq7keotg18eshxo5beagf2
Hibernate: 
    alter table if exists expense_shares 
       drop constraint if exists FKdn6vq7keotg18eshxo5beagf2
2026-01-16T11:33:27.816-03:00 DEBUG 2966596 --- [splitwise-api] [           main] org.hibernate.SQL                        : 
    alter table if exists expense_shares 
       drop constraint if exists FKq4ip0hb9q7ujr7v3jiav4tunp
Hibernate: 
    alter table if exists expense_shares 
       drop constraint if exists FKq4ip0hb9q7ujr7v3jiav4tunp
2026-01-16T11:33:27.817-03:00 DEBUG 2966596 --- [splitwise-api] [           main] org.hibernate.SQL                        : 
    alter table if exists expenses 
       drop constraint if exists FKne4jfgy6h5e1gv78elj8bypb5
Hibernate: 
    alter table if exists expenses 
       drop constraint if exists FKne4jfgy6h5e1gv78elj8bypb5
2026-01-16T11:33:27.817-03:00 DEBUG 2966596 --- [splitwise-api] [           main] org.hibernate.SQL                        : 
    alter table if exists expenses 
       drop constraint if exists FKhhvju90gqt8r2pc6mkb8ute7y
Hibernate: 
    alter table if exists expenses 
       drop constraint if exists FKhhvju90gqt8r2pc6mkb8ute7y
2026-01-16T11:33:27.817-03:00 DEBUG 2966596 --- [splitwise-api] [           main] org.hibernate.SQL                        : 
    alter table if exists group_members 
       drop constraint if exists FKnr9qg33qt2ovmv29g4vc3gtdx
Hibernate: 
    alter table if exists group_members 
       drop constraint if exists FKnr9qg33qt2ovmv29g4vc3gtdx
2026-01-16T11:33:27.817-03:00 DEBUG 2966596 --- [splitwise-api] [           main] org.hibernate.SQL                        : 
    alter table if exists group_members 
       drop constraint if exists FKkv9vlrye4rmhqjq4qohy2n5a6
Hibernate: 
    alter table if exists group_members 
       drop constraint if exists FKkv9vlrye4rmhqjq4qohy2n5a6
2026-01-16T11:33:27.817-03:00 DEBUG 2966596 --- [splitwise-api] [           main] org.hibernate.SQL                        : 
    alter table if exists groups 
       drop constraint if exists FKg1cp674sdm96cm70t2kuawbr1
Hibernate: 
    alter table if exists groups 
       drop constraint if exists FKg1cp674sdm96cm70t2kuawbr1
2026-01-16T11:33:27.817-03:00 DEBUG 2966596 --- [splitwise-api] [           main] org.hibernate.SQL                        : 
    alter table if exists user_balances 
       drop constraint if exists FK6w1wy2pa9yjfqceyve0xw35ve
Hibernate: 
    alter table if exists user_balances 
       drop constraint if exists FK6w1wy2pa9yjfqceyve0xw35ve
2026-01-16T11:33:27.818-03:00 DEBUG 2966596 --- [splitwise-api] [           main] org.hibernate.SQL                        : 
    alter table if exists user_balances 
       drop constraint if exists FKhkm3f7mcnmgam135jkjy439rk
Hibernate: 
    alter table if exists user_balances 
       drop constraint if exists FKhkm3f7mcnmgam135jkjy439rk
2026-01-16T11:33:27.818-03:00 DEBUG 2966596 --- [splitwise-api] [           main] org.hibernate.SQL                        : 
    drop table if exists expense_shares cascade
Hibernate: 
    drop table if exists expense_shares cascade
2026-01-16T11:33:27.818-03:00 DEBUG 2966596 --- [splitwise-api] [           main] org.hibernate.SQL                        : 
    drop table if exists expenses cascade
Hibernate: 
    drop table if exists expenses cascade
2026-01-16T11:33:27.818-03:00 DEBUG 2966596 --- [splitwise-api] [           main] org.hibernate.SQL                        : 
    drop table if exists group_members cascade
Hibernate: 
    drop table if exists group_members cascade
2026-01-16T11:33:27.818-03:00 DEBUG 2966596 --- [splitwise-api] [           main] org.hibernate.SQL                        : 
    drop table if exists groups cascade
Hibernate: 
    drop table if exists groups cascade
2026-01-16T11:33:27.818-03:00 DEBUG 2966596 --- [splitwise-api] [           main] org.hibernate.SQL                        : 
    drop table if exists user_balances cascade
Hibernate: 
    drop table if exists user_balances cascade
2026-01-16T11:33:27.819-03:00 DEBUG 2966596 --- [splitwise-api] [           main] org.hibernate.SQL                        : 
    drop table if exists users cascade
Hibernate: 
    drop table if exists users cascade
2026-01-16T11:33:27.821-03:00 DEBUG 2966596 --- [splitwise-api] [           main] org.hibernate.SQL                        : 
    create table expense_shares (
        amount numeric(19,4) not null,
        settled boolean not null,
        created_at timestamp(6) not null,
        expense_id bigint not null,
        id bigserial not null,
        settled_at timestamp(6),
        user_id bigint not null,
        primary key (id)
    )
Hibernate: 
    create table expense_shares (
        amount numeric(19,4) not null,
        settled boolean not null,
        created_at timestamp(6) not null,
        expense_id bigint not null,
        id bigserial not null,
        settled_at timestamp(6),
        user_id bigint not null,
        primary key (id)
    )
2026-01-16T11:33:27.825-03:00 DEBUG 2966596 --- [splitwise-api] [           main] org.hibernate.SQL                        : 
    create table expenses (
        amount numeric(19,4) not null,
        created_at timestamp(6) not null,
        group_id bigint,
        id bigserial not null,
        paid_by_id bigint not null,
        description varchar(255) not null,
        split_type varchar(255) not null check (split_type in ('EQUAL','EXACT','PERCENTAGE')),
        primary key (id)
    )
Hibernate: 
    create table expenses (
        amount numeric(19,4) not null,
        created_at timestamp(6) not null,
        group_id bigint,
        id bigserial not null,
        paid_by_id bigint not null,
        description varchar(255) not null,
        split_type varchar(255) not null check (split_type in ('EQUAL','EXACT','PERCENTAGE')),
        primary key (id)
    )
2026-01-16T11:33:27.828-03:00 DEBUG 2966596 --- [splitwise-api] [           main] org.hibernate.SQL                        : 
    create table group_members (
        group_id bigint not null,
        user_id bigint not null,
        primary key (group_id, user_id)
    )
Hibernate: 
    create table group_members (
        group_id bigint not null,
        user_id bigint not null,
        primary key (group_id, user_id)
    )
2026-01-16T11:33:27.829-03:00 DEBUG 2966596 --- [splitwise-api] [           main] org.hibernate.SQL                        : 
    create table groups (
        created_at timestamp(6) not null,
        created_by_id bigint not null,
        id bigserial not null,
        description varchar(500),
        name varchar(255) not null,
        primary key (id)
    )
Hibernate: 
    create table groups (
        created_at timestamp(6) not null,
        created_by_id bigint not null,
        id bigserial not null,
        description varchar(500),
        name varchar(255) not null,
        primary key (id)
    )
2026-01-16T11:33:27.829-03:00 DEBUG 2966596 --- [splitwise-api] [           main] org.hibernate.SQL                        : 
    create table user_balances (
        balance numeric(19,4) not null,
        from_user_id bigint not null,
        id bigserial not null,
        to_user_id bigint not null,
        updated_at timestamp(6) not null,
        primary key (id),
        constraint uk_user_balance_pair unique (from_user_id, to_user_id)
    )
Hibernate: 
    create table user_balances (
        balance numeric(19,4) not null,
        from_user_id bigint not null,
        id bigserial not null,
        to_user_id bigint not null,
        updated_at timestamp(6) not null,
        primary key (id),
        constraint uk_user_balance_pair unique (from_user_id, to_user_id)
    )
2026-01-16T11:33:27.830-03:00 DEBUG 2966596 --- [splitwise-api] [           main] org.hibernate.SQL                        : 
    create table users (
        created_at timestamp(6) not null,
        id bigserial not null,
        email varchar(255) not null unique,
        name varchar(255) not null,
        primary key (id)
    )
Hibernate: 
    create table users (
        created_at timestamp(6) not null,
        id bigserial not null,
        email varchar(255) not null unique,
        name varchar(255) not null,
        primary key (id)
    )
2026-01-16T11:33:27.831-03:00 DEBUG 2966596 --- [splitwise-api] [           main] org.hibernate.SQL                        : 
    create index idx_user_balance_from 
       on user_balances (from_user_id)
Hibernate: 
    create index idx_user_balance_from 
       on user_balances (from_user_id)
2026-01-16T11:33:27.831-03:00 DEBUG 2966596 --- [splitwise-api] [           main] org.hibernate.SQL                        : 
    create index idx_user_balance_to 
       on user_balances (to_user_id)
Hibernate: 
    create index idx_user_balance_to 
       on user_balances (to_user_id)
2026-01-16T11:33:27.832-03:00 DEBUG 2966596 --- [splitwise-api] [           main] org.hibernate.SQL                        : 
    alter table if exists expense_shares 
       add constraint FKdn6vq7keotg18eshxo5beagf2 
       foreign key (expense_id) 
       references expenses
Hibernate: 
    alter table if exists expense_shares 
       add constraint FKdn6vq7keotg18eshxo5beagf2 
       foreign key (expense_id) 
       references expenses
2026-01-16T11:33:27.836-03:00 DEBUG 2966596 --- [splitwise-api] [           main] org.hibernate.SQL                        : 
    alter table if exists expense_shares 
       add constraint FKq4ip0hb9q7ujr7v3jiav4tunp 
       foreign key (user_id) 
       references users
Hibernate: 
    alter table if exists expense_shares 
       add constraint FKq4ip0hb9q7ujr7v3jiav4tunp 
       foreign key (user_id) 
       references users
2026-01-16T11:33:27.837-03:00 DEBUG 2966596 --- [splitwise-api] [           main] org.hibernate.SQL                        : 
    alter table if exists expenses 
       add constraint FKne4jfgy6h5e1gv78elj8bypb5 
       foreign key (group_id) 
       references groups
Hibernate: 
    alter table if exists expenses 
       add constraint FKne4jfgy6h5e1gv78elj8bypb5 
       foreign key (group_id) 
       references groups
2026-01-16T11:33:27.837-03:00 DEBUG 2966596 --- [splitwise-api] [           main] org.hibernate.SQL                        : 
    alter table if exists expenses 
       add constraint FKhhvju90gqt8r2pc6mkb8ute7y 
       foreign key (paid_by_id) 
       references users
Hibernate: 
    alter table if exists expenses 
       add constraint FKhhvju90gqt8r2pc6mkb8ute7y 
       foreign key (paid_by_id) 
       references users
2026-01-16T11:33:27.838-03:00 DEBUG 2966596 --- [splitwise-api] [           main] org.hibernate.SQL                        : 
    alter table if exists group_members 
       add constraint FKnr9qg33qt2ovmv29g4vc3gtdx 
       foreign key (user_id) 
       references users
Hibernate: 
    alter table if exists group_members 
       add constraint FKnr9qg33qt2ovmv29g4vc3gtdx 
       foreign key (user_id) 
       references users
2026-01-16T11:33:27.840-03:00 DEBUG 2966596 --- [splitwise-api] [           main] org.hibernate.SQL                        : 
    alter table if exists group_members 
       add constraint FKkv9vlrye4rmhqjq4qohy2n5a6 
       foreign key (group_id) 
       references groups
Hibernate: 
    alter table if exists group_members 
       add constraint FKkv9vlrye4rmhqjq4qohy2n5a6 
       foreign key (group_id) 
       references groups
2026-01-16T11:33:27.840-03:00 DEBUG 2966596 --- [splitwise-api] [           main] org.hibernate.SQL                        : 
    alter table if exists groups 
       add constraint FKg1cp674sdm96cm70t2kuawbr1 
       foreign key (created_by_id) 
       references users
Hibernate: 
    alter table if exists groups 
       add constraint FKg1cp674sdm96cm70t2kuawbr1 
       foreign key (created_by_id) 
       references users
2026-01-16T11:33:27.841-03:00 DEBUG 2966596 --- [splitwise-api] [           main] org.hibernate.SQL                        : 
    alter table if exists user_balances 
       add constraint FK6w1wy2pa9yjfqceyve0xw35ve 
       foreign key (from_user_id) 
       references users
Hibernate: 
    alter table if exists user_balances 
       add constraint FK6w1wy2pa9yjfqceyve0xw35ve 
       foreign key (from_user_id) 
       references users
2026-01-16T11:33:27.842-03:00 DEBUG 2966596 --- [splitwise-api] [           main] org.hibernate.SQL                        : 
    alter table if exists user_balances 
       add constraint FKhkm3f7mcnmgam135jkjy439rk 
       foreign key (to_user_id) 
       references users
Hibernate: 
    alter table if exists user_balances 
       add constraint FKhkm3f7mcnmgam135jkjy439rk 
       foreign key (to_user_id) 
       references users
2026-01-16T11:33:27.844-03:00  INFO 2966596 --- [splitwise-api] [           main] j.LocalContainerEntityManagerFactoryBean : Initialized JPA EntityManagerFactory for persistence unit 'default'
2026-01-16T11:33:28.206-03:00  WARN 2966596 --- [splitwise-api] [           main] JpaBaseConfiguration$JpaWebConfiguration : spring.jpa.open-in-view is enabled by default. Therefore, database queries may be performed during view rendering. Explicitly configure spring.jpa.open-in-view to disable this warning
2026-01-16T11:33:28.447-03:00  INFO 2966596 --- [splitwise-api] [           main] o.s.b.t.m.w.SpringBootMockServletContext : Initializing Spring TestDispatcherServlet ''
2026-01-16T11:33:28.447-03:00  INFO 2966596 --- [splitwise-api] [           main] o.s.t.web.servlet.TestDispatcherServlet  : Initializing Servlet ''
2026-01-16T11:33:28.448-03:00  INFO 2966596 --- [splitwise-api] [           main] o.s.t.web.servlet.TestDispatcherServlet  : Completed initialization in 0 ms
2026-01-16T11:33:28.459-03:00  INFO 2966596 --- [splitwise-api] [           main] c.s.integration.ExpenseIntegrationTest   : Started ExpenseIntegrationTest in 2.638 seconds (process running for 3.263)
2026-01-16T11:33:28.898-03:00 DEBUG 2966596 --- [splitwise-api] [           main] org.hibernate.SQL                        : 
    select
        es1_0.id,
        es1_0.amount,
        es1_0.created_at,
        es1_0.expense_id,
        es1_0.settled,
        es1_0.settled_at,
        es1_0.user_id 
    from
        expense_shares es1_0
Hibernate: 
    select
        es1_0.id,
        es1_0.amount,
        es1_0.created_at,
        es1_0.expense_id,
        es1_0.settled,
        es1_0.settled_at,
        es1_0.user_id 
    from
        expense_shares es1_0
2026-01-16T11:33:28.911-03:00 DEBUG 2966596 --- [splitwise-api] [           main] org.hibernate.SQL                        : 
    select
        e1_0.id,
        e1_0.amount,
        e1_0.created_at,
        e1_0.description,
        e1_0.group_id,
        e1_0.paid_by_id,
        e1_0.split_type 
    from
        expenses e1_0
Hibernate: 
    select
        e1_0.id,
        e1_0.amount,
        e1_0.created_at,
        e1_0.description,
        e1_0.group_id,
        e1_0.paid_by_id,
        e1_0.split_type 
    from
        expenses e1_0
2026-01-16T11:33:28.913-03:00 DEBUG 2966596 --- [splitwise-api] [           main] org.hibernate.SQL                        : 
    select
        ub1_0.id,
        ub1_0.balance,
        ub1_0.from_user_id,
        ub1_0.to_user_id,
        ub1_0.updated_at 
    from
        user_balances ub1_0
Hibernate: 
    select
        ub1_0.id,
        ub1_0.balance,
        ub1_0.from_user_id,
        ub1_0.to_user_id,
        ub1_0.updated_at 
    from
        user_balances ub1_0
2026-01-16T11:33:28.914-03:00 DEBUG 2966596 --- [splitwise-api] [           main] org.hibernate.SQL                        : 
    select
        g1_0.id,
        g1_0.created_at,
        g1_0.created_by_id,
        g1_0.description,
        g1_0.name 
    from
        groups g1_0
Hibernate: 
    select
        g1_0.id,
        g1_0.created_at,
        g1_0.created_by_id,
        g1_0.description,
        g1_0.name 
    from
        groups g1_0
2026-01-16T11:33:28.917-03:00 DEBUG 2966596 --- [splitwise-api] [           main] org.hibernate.SQL                        : 
    select
        u1_0.id,
        u1_0.created_at,
        u1_0.email,
        u1_0.name 
    from
        users u1_0
Hibernate: 
    select
        u1_0.id,
        u1_0.created_at,
        u1_0.email,
        u1_0.name 
    from
        users u1_0
2026-01-16T11:33:28.941-03:00 DEBUG 2966596 --- [splitwise-api] [           main] org.hibernate.SQL                        : 
    insert 
    into
        users
        (created_at, email, name) 
    values
        (?, ?, ?)
Hibernate: 
    insert 
    into
        users
        (created_at, email, name) 
    values
        (?, ?, ?)
2026-01-16T11:33:28.949-03:00 DEBUG 2966596 --- [splitwise-api] [           main] org.hibernate.SQL                        : 
    insert 
    into
        users
        (created_at, email, name) 
    values
        (?, ?, ?)
Hibernate: 
    insert 
    into
        users
        (created_at, email, name) 
    values
        (?, ?, ?)
2026-01-16T11:33:29.094-03:00 DEBUG 2966596 --- [splitwise-api] [           main] org.hibernate.SQL                        : 
    select
        u1_0.id,
        u1_0.created_at,
        u1_0.email,
        u1_0.name 
    from
        users u1_0 
    where
        u1_0.id in (?, ?)
Hibernate: 
    select
        u1_0.id,
        u1_0.created_at,
        u1_0.email,
        u1_0.name 
    from
        users u1_0 
    where
        u1_0.id in (?, ?)
2026-01-16T11:33:29.098-03:00 DEBUG 2966596 --- [splitwise-api] [           main] org.hibernate.SQL                        : 
    insert 
    into
        expenses
        (amount, created_at, description, group_id, paid_by_id, split_type) 
    values
        (?, ?, ?, ?, ?, ?)
Hibernate: 
    insert 
    into
        expenses
        (amount, created_at, description, group_id, paid_by_id, split_type) 
    values
        (?, ?, ?, ?, ?, ?)
2026-01-16T11:33:29.101-03:00 DEBUG 2966596 --- [splitwise-api] [           main] org.hibernate.SQL                        : 
    insert 
    into
        expense_shares
        (amount, created_at, expense_id, settled, settled_at, user_id) 
    values
        (?, ?, ?, ?, ?, ?)
Hibernate: 
    insert 
    into
        expense_shares
        (amount, created_at, expense_id, settled, settled_at, user_id) 
    values
        (?, ?, ?, ?, ?, ?)
2026-01-16T11:33:29.103-03:00 DEBUG 2966596 --- [splitwise-api] [           main] org.hibernate.SQL                        : 
    insert 
    into
        expense_shares
        (amount, created_at, expense_id, settled, settled_at, user_id) 
    values
        (?, ?, ?, ?, ?, ?)
Hibernate: 
    insert 
    into
        expense_shares
        (amount, created_at, expense_id, settled, settled_at, user_id) 
    values
        (?, ?, ?, ?, ?, ?)
2026-01-16T11:33:29.109-03:00 DEBUG 2966596 --- [splitwise-api] [           main] org.hibernate.SQL                        : 
    select
        ub1_0.id,
        ub1_0.balance,
        ub1_0.from_user_id,
        ub1_0.to_user_id,
        ub1_0.updated_at 
    from
        user_balances ub1_0 
    where
        ub1_0.from_user_id=? 
        and ub1_0.to_user_id=?
Hibernate: 
    select
        ub1_0.id,
        ub1_0.balance,
        ub1_0.from_user_id,
        ub1_0.to_user_id,
        ub1_0.updated_at 
    from
        user_balances ub1_0 
    where
        ub1_0.from_user_id=? 
        and ub1_0.to_user_id=?
2026-01-16T11:33:29.111-03:00 DEBUG 2966596 --- [splitwise-api] [           main] org.hibernate.SQL                        : 
    insert 
    into
        user_balances
        (balance, from_user_id, to_user_id, updated_at) 
    values
        (?, ?, ?, ?)
Hibernate: 
    insert 
    into
        user_balances
        (balance, from_user_id, to_user_id, updated_at) 
    values
        (?, ?, ?, ?)
2026-01-16T11:33:29.144-03:00 DEBUG 2966596 --- [splitwise-api] [           main] org.hibernate.SQL                        : 
    select
        ub1_0.id,
        ub1_0.balance,
        ub1_0.from_user_id,
        ub1_0.to_user_id,
        ub1_0.updated_at 
    from
        user_balances ub1_0
Hibernate: 
    select
        ub1_0.id,
        ub1_0.balance,
        ub1_0.from_user_id,
        ub1_0.to_user_id,
        ub1_0.updated_at 
    from
        user_balances ub1_0
]]></system-out>
    <system-err><![CDATA[WARNING: A Java agent has been loaded dynamically (/home/luiz.rodrigues/.m2/repository/net/bytebuddy/byte-buddy-agent/1.14.9/byte-buddy-agent-1.14.9.jar)
WARNING: If a serviceability tool is in use, please run with -XX:+EnableDynamicAgentLoading to hide this warning
WARNING: If a serviceability tool is not in use, please run with -Djdk.instrument.traceUsage for more information
WARNING: Dynamic loading of agents will be disallowed by default in a future release
]]></system-err>
  </testcase>
  <testcase name="testCreateExpenseAndCheckBalance" classname="com.splitwise.integration.ExpenseIntegrationTest" time="0.042">
    <system-out><![CDATA[2026-01-16T11:33:29.160-03:00 DEBUG 2966596 --- [splitwise-api] [           main] org.hibernate.SQL                        : 
    select
        es1_0.id,
        es1_0.amount,
        es1_0.created_at,
        es1_0.expense_id,
        es1_0.settled,
        es1_0.settled_at,
        es1_0.user_id 
    from
        expense_shares es1_0
Hibernate: 
    select
        es1_0.id,
        es1_0.amount,
        es1_0.created_at,
        es1_0.expense_id,
        es1_0.settled,
        es1_0.settled_at,
        es1_0.user_id 
    from
        expense_shares es1_0
2026-01-16T11:33:29.163-03:00 DEBUG 2966596 --- [splitwise-api] [           main] org.hibernate.SQL                        : 
    select
        e1_0.id,
        e1_0.amount,
        e1_0.created_at,
        e1_0.description,
        e1_0.group_id,
        e1_0.paid_by_id,
        e1_0.split_type 
    from
        expenses e1_0
Hibernate: 
    select
        e1_0.id,
        e1_0.amount,
        e1_0.created_at,
        e1_0.description,
        e1_0.group_id,
        e1_0.paid_by_id,
        e1_0.split_type 
    from
        expenses e1_0
2026-01-16T11:33:29.164-03:00 DEBUG 2966596 --- [splitwise-api] [           main] org.hibernate.SQL                        : 
    select
        ub1_0.id,
        ub1_0.balance,
        ub1_0.from_user_id,
        ub1_0.to_user_id,
        ub1_0.updated_at 
    from
        user_balances ub1_0
Hibernate: 
    select
        ub1_0.id,
        ub1_0.balance,
        ub1_0.from_user_id,
        ub1_0.to_user_id,
        ub1_0.updated_at 
    from
        user_balances ub1_0
2026-01-16T11:33:29.166-03:00 DEBUG 2966596 --- [splitwise-api] [           main] org.hibernate.SQL                        : 
    select
        g1_0.id,
        g1_0.created_at,
        g1_0.created_by_id,
        g1_0.description,
        g1_0.name 
    from
        groups g1_0
Hibernate: 
    select
        g1_0.id,
        g1_0.created_at,
        g1_0.created_by_id,
        g1_0.description,
        g1_0.name 
    from
        groups g1_0
2026-01-16T11:33:29.167-03:00 DEBUG 2966596 --- [splitwise-api] [           main] org.hibernate.SQL                        : 
    select
        u1_0.id,
        u1_0.created_at,
        u1_0.email,
        u1_0.name 
    from
        users u1_0
Hibernate: 
    select
        u1_0.id,
        u1_0.created_at,
        u1_0.email,
        u1_0.name 
    from
        users u1_0
2026-01-16T11:33:29.169-03:00 DEBUG 2966596 --- [splitwise-api] [           main] org.hibernate.SQL                        : 
    insert 
    into
        users
        (created_at, email, name) 
    values
        (?, ?, ?)
Hibernate: 
    insert 
    into
        users
        (created_at, email, name) 
    values
        (?, ?, ?)
2026-01-16T11:33:29.170-03:00 DEBUG 2966596 --- [splitwise-api] [           main] org.hibernate.SQL                        : 
    insert 
    into
        users
        (created_at, email, name) 
    values
        (?, ?, ?)
Hibernate: 
    insert 
    into
        users
        (created_at, email, name) 
    values
        (?, ?, ?)
2026-01-16T11:33:29.176-03:00 DEBUG 2966596 --- [splitwise-api] [           main] org.hibernate.SQL                        : 
    select
        u1_0.id,
        u1_0.created_at,
        u1_0.email,
        u1_0.name 
    from
        users u1_0 
    where
        u1_0.id in (?, ?)
Hibernate: 
    select
        u1_0.id,
        u1_0.created_at,
        u1_0.email,
        u1_0.name 
    from
        users u1_0 
    where
        u1_0.id in (?, ?)
2026-01-16T11:33:29.178-03:00 DEBUG 2966596 --- [splitwise-api] [           main] org.hibernate.SQL                        : 
    insert 
    into
        expenses
        (amount, created_at, description, group_id, paid_by_id, split_type) 
    values
        (?, ?, ?, ?, ?, ?)
Hibernate: 
    insert 
    into
        expenses
        (amount, created_at, description, group_id, paid_by_id, split_type) 
    values
        (?, ?, ?, ?, ?, ?)
2026-01-16T11:33:29.180-03:00 DEBUG 2966596 --- [splitwise-api] [           main] org.hibernate.SQL                        : 
    insert 
    into
        expense_shares
        (amount, created_at, expense_id, settled, settled_at, user_id) 
    values
        (?, ?, ?, ?, ?, ?)
Hibernate: 
    insert 
    into
        expense_shares
        (amount, created_at, expense_id, settled, settled_at, user_id) 
    values
        (?, ?, ?, ?, ?, ?)
2026-01-16T11:33:29.183-03:00 DEBUG 2966596 --- [splitwise-api] [           main] org.hibernate.SQL                        : 
    insert 
    into
        expense_shares
        (amount, created_at, expense_id, settled, settled_at, user_id) 
    values
        (?, ?, ?, ?, ?, ?)
Hibernate: 
    insert 
    into
        expense_shares
        (amount, created_at, expense_id, settled, settled_at, user_id) 
    values
        (?, ?, ?, ?, ?, ?)
2026-01-16T11:33:29.187-03:00 DEBUG 2966596 --- [splitwise-api] [           main] org.hibernate.SQL                        : 
    select
        ub1_0.id,
        ub1_0.balance,
        ub1_0.from_user_id,
        ub1_0.to_user_id,
        ub1_0.updated_at 
    from
        user_balances ub1_0 
    where
        ub1_0.from_user_id=? 
        and ub1_0.to_user_id=?
Hibernate: 
    select
        ub1_0.id,
        ub1_0.balance,
        ub1_0.from_user_id,
        ub1_0.to_user_id,
        ub1_0.updated_at 
    from
        user_balances ub1_0 
    where
        ub1_0.from_user_id=? 
        and ub1_0.to_user_id=?
2026-01-16T11:33:29.189-03:00 DEBUG 2966596 --- [splitwise-api] [           main] org.hibernate.SQL                        : 
    insert 
    into
        user_balances
        (balance, from_user_id, to_user_id, updated_at) 
    values
        (?, ?, ?, ?)
Hibernate: 
    insert 
    into
        user_balances
        (balance, from_user_id, to_user_id, updated_at) 
    values
        (?, ?, ?, ?)
2026-01-16T11:33:29.193-03:00 DEBUG 2966596 --- [splitwise-api] [           main] org.hibernate.SQL                        : 
    select
        ub1_0.id,
        ub1_0.balance,
        ub1_0.from_user_id,
        ub1_0.to_user_id,
        ub1_0.updated_at 
    from
        user_balances ub1_0
Hibernate: 
    select
        ub1_0.id,
        ub1_0.balance,
        ub1_0.from_user_id,
        ub1_0.to_user_id,
        ub1_0.updated_at 
    from
        user_balances ub1_0
]]></system-out>
  </testcase>
</testsuite>